1587755329156	mozrunner::runner	INFO	Running command: "C:\\Program Files\\Mozilla Firefox\\firefox.exe" "-marionette" "--headless" "-foreground" "-no-remote" "-profile" "C:\\Users\\rhett\\AppData\\Local\\Temp\\rust_mozprofilehi5DhK"
*** You are running in headless mode.
1587755330246	addons.webextension.doh-rollout@mozilla.org	WARN	Loading extension 'doh-rollout@mozilla.org': Reading manifest: Invalid extension permission: networkStatus
1587755330635	addons.webextension.screenshots@mozilla.org	WARN	Loading extension 'screenshots@mozilla.org': Reading manifest: Invalid extension permission: mozillaAddons
1587755330635	addons.webextension.screenshots@mozilla.org	WARN	Loading extension 'screenshots@mozilla.org': Reading manifest: Invalid extension permission: telemetry
1587755330636	addons.webextension.screenshots@mozilla.org	WARN	Loading extension 'screenshots@mozilla.org': Reading manifest: Invalid extension permission: resource://pdf.js/
1587755330636	addons.webextension.screenshots@mozilla.org	WARN	Loading extension 'screenshots@mozilla.org': Reading manifest: Invalid extension permission: about:reader*
JavaScript error: resource://gre/modules/XULStore.jsm, line 66: Error: Can't find profile directory.
1587755331865	Marionette	INFO	Listening on port 52321
1587755332265	Marionette	WARN	TLS certificate errors will be ignored for this session
JavaScript warning: https://cdn-ssl.vidible.tv/prod/ad-client/js/10.2.39/0.js, line 22: WebGL warning: <Create>: Can't use WebGL in headless mode (https://bugzil.la/1375585).
JavaScript warning: https://cdn-ssl.vidible.tv/prod/ad-client/js/10.2.39/0.js, line 22: Failed to create WebGL context: WebGL creation failed: 
* Can't use WebGL in headless mode (https://bugzil.la/1375585).
JavaScript warning: https://cdn-ssl.vidible.tv/prod/ad-client/js/10.2.39/0.js, line 22: WebGL warning: <Create>: Can't use WebGL in headless mode (https://bugzil.la/1375585).
JavaScript warning: https://cdn-ssl.vidible.tv/prod/ad-client/js/10.2.39/0.js, line 22: Failed to create WebGL context: WebGL creation failed: 
* Can't use WebGL in headless mode (https://bugzil.la/1375585).
JavaScript warning: https://cdn-ssl.vidible.tv/prod/ad-client/js/10.2.39/0.js, line 22: WebGL warning: <Create>: Can't use WebGL in headless mode (https://bugzil.la/1375585).
JavaScript warning: https://cdn-ssl.vidible.tv/prod/ad-client/js/10.2.39/0.js, line 22: Failed to create WebGL context: WebGL creation failed: 
* Can't use WebGL in headless mode (https://bugzil.la/1375585).
JavaScript warning: https://cdn-ssl.vidible.tv/prod/ad-client/js/10.2.39/0.js, line 22: WebGL warning: <Create>: Can't use WebGL in headless mode (https://bugzil.la/1375585).
JavaScript warning: https://cdn-ssl.vidible.tv/prod/ad-client/js/10.2.39/0.js, line 22: Failed to create WebGL context: WebGL creation failed: 
* Can't use WebGL in headless mode (https://bugzil.la/1375585).
JavaScript warning: https://cdn-ssl.vidible.tv/prod/ad-client/js/10.2.39/0.js, line 22: WebGL warning: <Create>: Can't use WebGL in headless mode (https://bugzil.la/1375585).
JavaScript warning: https://cdn-ssl.vidible.tv/prod/ad-client/js/10.2.39/0.js, line 22: Failed to create WebGL context: WebGL creation failed: 
* Can't use WebGL in headless mode (https://bugzil.la/1375585).
JavaScript warning: https://cdn-ssl.vidible.tv/prod/ad-client/js/10.2.39/0.js, line 22: WebGL warning: <Create>: Can't use WebGL in headless mode (https://bugzil.la/1375585).
JavaScript warning: https://cdn-ssl.vidible.tv/prod/ad-client/js/10.2.39/0.js, line 22: Failed to create WebGL context: WebGL creation failed: 
* Can't use WebGL in headless mode (https://bugzil.la/1375585).
JavaScript warning: https://cdn-ssl.vidible.tv/prod/ad-client/js/10.2.39/0.js, line 22: WebGL warning: <Create>: Can't use WebGL in headless mode (https://bugzil.la/1375585).
JavaScript warning: https://cdn-ssl.vidible.tv/prod/ad-client/js/10.2.39/0.js, line 22: Failed to create WebGL context: WebGL creation failed: 
* Can't use WebGL in headless mode (https://bugzil.la/1375585).
JavaScript warning: https://cdn-ssl.vidible.tv/prod/ad-client/js/10.2.39/0.js, line 22: WebGL warning: <Create>: Can't use WebGL in headless mode (https://bugzil.la/1375585).
JavaScript warning: https://cdn-ssl.vidible.tv/prod/ad-client/js/10.2.39/0.js, line 22: Failed to create WebGL context: WebGL creation failed: 
* Can't use WebGL in headless mode (https://bugzil.la/1375585).
JavaScript warning: https://cdn-ssl.vidible.tv/prod/ad-client/js/10.2.39/0.js, line 22: WebGL warning: <Create>: Can't use WebGL in headless mode (https://bugzil.la/1375585).
JavaScript warning: https://cdn-ssl.vidible.tv/prod/ad-client/js/10.2.39/0.js, line 22: Failed to create WebGL context: WebGL creation failed: 
* Can't use WebGL in headless mode (https://bugzil.la/1375585).
JavaScript warning: https://cdn-ssl.vidible.tv/prod/ad-client/js/10.2.39/0.js, line 22: WebGL warning: <Create>: Can't use WebGL in headless mode (https://bugzil.la/1375585).
JavaScript warning: https://cdn-ssl.vidible.tv/prod/ad-client/js/10.2.39/0.js, line 22: Failed to create WebGL context: WebGL creation failed: 
* Can't use WebGL in headless mode (https://bugzil.la/1375585).
JavaScript error: , line 0: AbortError: The fetching process for the media resource was aborted by the user agent at the user's request.
JavaScript error: , line 0: AbortError: The fetching process for the media resource was aborted by the user agent at the user's request.
1587755351950	Marionette	INFO	Stopped listening on port 52321
JavaScript error: https://eus.rubiconproject.com/usync.html?p=33across&endpoint=us-east, line 12: SecurityError: The operation is insecure.
1587755368778	mozrunner::runner	INFO	Running command: "C:\\Program Files\\Mozilla Firefox\\firefox.exe" "-marionette" "--headless" "-foreground" "-no-remote" "-profile" "C:\\Users\\rhett\\AppData\\Local\\Temp\\rust_mozprofileSM8XhY"
*** You are running in headless mode.
1587755369042	addons.webextension.doh-rollout@mozilla.org	WARN	Loading extension 'doh-rollout@mozilla.org': Reading manifest: Invalid extension permission: networkStatus
1587755369423	addons.webextension.screenshots@mozilla.org	WARN	Loading extension 'screenshots@mozilla.org': Reading manifest: Invalid extension permission: mozillaAddons
1587755369423	addons.webextension.screenshots@mozilla.org	WARN	Loading extension 'screenshots@mozilla.org': Reading manifest: Invalid extension permission: telemetry
1587755369423	addons.webextension.screenshots@mozilla.org	WARN	Loading extension 'screenshots@mozilla.org': Reading manifest: Invalid extension permission: resource://pdf.js/
1587755369423	addons.webextension.screenshots@mozilla.org	WARN	Loading extension 'screenshots@mozilla.org': Reading manifest: Invalid extension permission: about:reader*
JavaScript error: resource://gre/modules/XULStore.jsm, line 66: Error: Can't find profile directory.
1587755370566	Marionette	INFO	Listening on port 52705
1587755370787	Marionette	WARN	TLS certificate errors will be ignored for this session
JavaScript warning: https://cdn-ssl.vidible.tv/prod/ad-client/js/10.2.39/0.js, line 22: WebGL warning: <Create>: Can't use WebGL in headless mode (https://bugzil.la/1375585).
JavaScript warning: https://cdn-ssl.vidible.tv/prod/ad-client/js/10.2.39/0.js, line 22: Failed to create WebGL context: WebGL creation failed: 
* Can't use WebGL in headless mode (https://bugzil.la/1375585).
JavaScript warning: https://cdn-ssl.vidible.tv/prod/ad-client/js/10.2.39/0.js, line 22: WebGL warning: <Create>: Can't use WebGL in headless mode (https://bugzil.la/1375585).
JavaScript warning: https://cdn-ssl.vidible.tv/prod/ad-client/js/10.2.39/0.js, line 22: Failed to create WebGL context: WebGL creation failed: 
* Can't use WebGL in headless mode (https://bugzil.la/1375585).
JavaScript warning: https://cdn-ssl.vidible.tv/prod/ad-client/js/10.2.39/0.js, line 22: WebGL warning: <Create>: Can't use WebGL in headless mode (https://bugzil.la/1375585).
JavaScript warning: https://cdn-ssl.vidible.tv/prod/ad-client/js/10.2.39/0.js, line 22: Failed to create WebGL context: WebGL creation failed: 
* Can't use WebGL in headless mode (https://bugzil.la/1375585).
JavaScript warning: https://cdn-ssl.vidible.tv/prod/ad-client/js/10.2.39/0.js, line 22: WebGL warning: <Create>: Can't use WebGL in headless mode (https://bugzil.la/1375585).
JavaScript warning: https://cdn-ssl.vidible.tv/prod/ad-client/js/10.2.39/0.js, line 22: Failed to create WebGL context: WebGL creation failed: 
* Can't use WebGL in headless mode (https://bugzil.la/1375585).
JavaScript warning: https://cdn-ssl.vidible.tv/prod/ad-client/js/10.2.39/0.js, line 22: WebGL warning: <Create>: Can't use WebGL in headless mode (https://bugzil.la/1375585).
JavaScript warning: https://cdn-ssl.vidible.tv/prod/ad-client/js/10.2.39/0.js, line 22: Failed to create WebGL context: WebGL creation failed: 
* Can't use WebGL in headless mode (https://bugzil.la/1375585).
JavaScript warning: https://cdn-ssl.vidible.tv/prod/ad-client/js/10.2.39/0.js, line 22: WebGL warning: <Create>: Can't use WebGL in headless mode (https://bugzil.la/1375585).
JavaScript warning: https://cdn-ssl.vidible.tv/prod/ad-client/js/10.2.39/0.js, line 22: Failed to create WebGL context: WebGL creation failed: 
* Can't use WebGL in headless mode (https://bugzil.la/1375585).
1587755384480	Marionette	INFO	Stopped listening on port 52705
JavaScript error: https://eus.rubiconproject.com/usync.html?p=33across&endpoint=us-east, line 12: SecurityError: The operation is insecure.
1587755514157	mozrunner::runner	INFO	Running command: "C:\\Program Files\\Mozilla Firefox\\firefox.exe" "-marionette" "--headless" "-foreground" "-no-remote" "-profile" "C:\\Users\\rhett\\AppData\\Local\\Temp\\rust_mozprofileaKU757"
*** You are running in headless mode.
1587755514421	addons.webextension.doh-rollout@mozilla.org	WARN	Loading extension 'doh-rollout@mozilla.org': Reading manifest: Invalid extension permission: networkStatus
1587755515215	addons.webextension.screenshots@mozilla.org	WARN	Loading extension 'screenshots@mozilla.org': Reading manifest: Invalid extension permission: mozillaAddons
1587755515215	addons.webextension.screenshots@mozilla.org	WARN	Loading extension 'screenshots@mozilla.org': Reading manifest: Invalid extension permission: telemetry
1587755515216	addons.webextension.screenshots@mozilla.org	WARN	Loading extension 'screenshots@mozilla.org': Reading manifest: Invalid extension permission: resource://pdf.js/
1587755515216	addons.webextension.screenshots@mozilla.org	WARN	Loading extension 'screenshots@mozilla.org': Reading manifest: Invalid extension permission: about:reader*
JavaScript error: resource://gre/modules/XULStore.jsm, line 66: Error: Can't find profile directory.
1587755516399	Marionette	INFO	Listening on port 54090
1587755516765	Marionette	WARN	TLS certificate errors will be ignored for this session
JavaScript warning: https://cdn-ssl.vidible.tv/prod/ad-client/js/10.2.39/0.js, line 22: WebGL warning: <Create>: Can't use WebGL in headless mode (https://bugzil.la/1375585).
JavaScript warning: https://cdn-ssl.vidible.tv/prod/ad-client/js/10.2.39/0.js, line 22: Failed to create WebGL context: WebGL creation failed: 
* Can't use WebGL in headless mode (https://bugzil.la/1375585).
JavaScript warning: https://cdn-ssl.vidible.tv/prod/ad-client/js/10.2.39/0.js, line 22: WebGL warning: <Create>: Can't use WebGL in headless mode (https://bugzil.la/1375585).
JavaScript warning: https://cdn-ssl.vidible.tv/prod/ad-client/js/10.2.39/0.js, line 22: Failed to create WebGL context: WebGL creation failed: 
* Can't use WebGL in headless mode (https://bugzil.la/1375585).
JavaScript warning: https://cdn-ssl.vidible.tv/prod/ad-client/js/10.2.39/0.js, line 22: WebGL warning: <Create>: Can't use WebGL in headless mode (https://bugzil.la/1375585).
JavaScript warning: https://cdn-ssl.vidible.tv/prod/ad-client/js/10.2.39/0.js, line 22: Failed to create WebGL context: WebGL creation failed: 
* Can't use WebGL in headless mode (https://bugzil.la/1375585).
JavaScript warning: https://cdn-ssl.vidible.tv/prod/ad-client/js/10.2.39/0.js, line 22: WebGL warning: <Create>: Can't use WebGL in headless mode (https://bugzil.la/1375585).
JavaScript warning: https://cdn-ssl.vidible.tv/prod/ad-client/js/10.2.39/0.js, line 22: Failed to create WebGL context: WebGL creation failed: 
* Can't use WebGL in headless mode (https://bugzil.la/1375585).
JavaScript warning: https://cdn-ssl.vidible.tv/prod/ad-client/js/10.2.39/0.js, line 22: WebGL warning: <Create>: Can't use WebGL in headless mode (https://bugzil.la/1375585).
JavaScript warning: https://cdn-ssl.vidible.tv/prod/ad-client/js/10.2.39/0.js, line 22: Failed to create WebGL context: WebGL creation failed: 
* Can't use WebGL in headless mode (https://bugzil.la/1375585).
JavaScript warning: https://cdn-ssl.vidible.tv/prod/ad-client/js/10.2.39/0.js, line 22: WebGL warning: <Create>: Can't use WebGL in headless mode (https://bugzil.la/1375585).
JavaScript warning: https://cdn-ssl.vidible.tv/prod/ad-client/js/10.2.39/0.js, line 22: Failed to create WebGL context: WebGL creation failed: 
* Can't use WebGL in headless mode (https://bugzil.la/1375585).
JavaScript warning: https://cdn-ssl.vidible.tv/prod/ad-client/js/10.2.39/0.js, line 22: WebGL warning: <Create>: Can't use WebGL in headless mode (https://bugzil.la/1375585).
JavaScript warning: https://cdn-ssl.vidible.tv/prod/ad-client/js/10.2.39/0.js, line 22: Failed to create WebGL context: WebGL creation failed: 
* Can't use WebGL in headless mode (https://bugzil.la/1375585).
JavaScript warning: https://cdn-ssl.vidible.tv/prod/ad-client/js/10.2.39/0.js, line 22: WebGL warning: <Create>: Can't use WebGL in headless mode (https://bugzil.la/1375585).
JavaScript warning: https://cdn-ssl.vidible.tv/prod/ad-client/js/10.2.39/0.js, line 22: Failed to create WebGL context: WebGL creation failed: 
* Can't use WebGL in headless mode (https://bugzil.la/1375585).
JavaScript warning: https://cdn-ssl.vidible.tv/prod/ad-client/js/10.2.39/0.js, line 22: WebGL warning: <Create>: Can't use WebGL in headless mode (https://bugzil.la/1375585).
JavaScript warning: https://cdn-ssl.vidible.tv/prod/ad-client/js/10.2.39/0.js, line 22: Failed to create WebGL context: WebGL creation failed: 
* Can't use WebGL in headless mode (https://bugzil.la/1375585).
JavaScript warning: https://cdn-ssl.vidible.tv/prod/ad-client/js/10.2.39/0.js, line 22: WebGL warning: <Create>: Can't use WebGL in headless mode (https://bugzil.la/1375585).
JavaScript warning: https://cdn-ssl.vidible.tv/prod/ad-client/js/10.2.39/0.js, line 22: Failed to create WebGL context: WebGL creation failed: 
* Can't use WebGL in headless mode (https://bugzil.la/1375585).
1587755528694	Marionette	INFO	Stopped listening on port 54090
JavaScript error: https://eus.rubiconproject.com/usync.html?p=33across&endpoint=us-east, line 12: SecurityError: The operation is insecure.
1587755624554	mozrunner::runner	INFO	Running command: "C:\\Program Files\\Mozilla Firefox\\firefox.exe" "-marionette" "--headless" "-foreground" "-no-remote" "-profile" "C:\\Users\\rhett\\AppData\\Local\\Temp\\rust_mozprofileJy5PtY"
*** You are running in headless mode.
1587755624812	addons.webextension.doh-rollout@mozilla.org	WARN	Loading extension 'doh-rollout@mozilla.org': Reading manifest: Invalid extension permission: networkStatus
1587755625189	addons.webextension.screenshots@mozilla.org	WARN	Loading extension 'screenshots@mozilla.org': Reading manifest: Invalid extension permission: mozillaAddons
1587755625189	addons.webextension.screenshots@mozilla.org	WARN	Loading extension 'screenshots@mozilla.org': Reading manifest: Invalid extension permission: telemetry
1587755625189	addons.webextension.screenshots@mozilla.org	WARN	Loading extension 'screenshots@mozilla.org': Reading manifest: Invalid extension permission: resource://pdf.js/
1587755625189	addons.webextension.screenshots@mozilla.org	WARN	Loading extension 'screenshots@mozilla.org': Reading manifest: Invalid extension permission: about:reader*
JavaScript error: resource://gre/modules/XULStore.jsm, line 66: Error: Can't find profile directory.
1587755626345	Marionette	INFO	Listening on port 54649
1587755626560	Marionette	WARN	TLS certificate errors will be ignored for this session
JavaScript warning: https://cdn-ssl.vidible.tv/prod/ad-client/js/10.2.39/0.js, line 22: WebGL warning: <Create>: Can't use WebGL in headless mode (https://bugzil.la/1375585).
JavaScript warning: https://cdn-ssl.vidible.tv/prod/ad-client/js/10.2.39/0.js, line 22: Failed to create WebGL context: WebGL creation failed: 
* Can't use WebGL in headless mode (https://bugzil.la/1375585).
JavaScript warning: https://cdn-ssl.vidible.tv/prod/ad-client/js/10.2.39/0.js, line 22: WebGL warning: <Create>: Can't use WebGL in headless mode (https://bugzil.la/1375585).
JavaScript warning: https://cdn-ssl.vidible.tv/prod/ad-client/js/10.2.39/0.js, line 22: Failed to create WebGL context: WebGL creation failed: 
* Can't use WebGL in headless mode (https://bugzil.la/1375585).
JavaScript warning: https://cdn-ssl.vidible.tv/prod/ad-client/js/10.2.39/0.js, line 22: WebGL warning: <Create>: Can't use WebGL in headless mode (https://bugzil.la/1375585).
JavaScript warning: https://cdn-ssl.vidible.tv/prod/ad-client/js/10.2.39/0.js, line 22: Failed to create WebGL context: WebGL creation failed: 
* Can't use WebGL in headless mode (https://bugzil.la/1375585).
JavaScript warning: https://cdn-ssl.vidible.tv/prod/ad-client/js/10.2.39/0.js, line 22: WebGL warning: <Create>: Can't use WebGL in headless mode (https://bugzil.la/1375585).
JavaScript warning: https://cdn-ssl.vidible.tv/prod/ad-client/js/10.2.39/0.js, line 22: Failed to create WebGL context: WebGL creation failed: 
* Can't use WebGL in headless mode (https://bugzil.la/1375585).
JavaScript warning: https://cdn-ssl.vidible.tv/prod/ad-client/js/10.2.39/0.js, line 22: WebGL warning: <Create>: Can't use WebGL in headless mode (https://bugzil.la/1375585).
JavaScript warning: https://cdn-ssl.vidible.tv/prod/ad-client/js/10.2.39/0.js, line 22: Failed to create WebGL context: WebGL creation failed: 
* Can't use WebGL in headless mode (https://bugzil.la/1375585).
JavaScript warning: https://cdn-ssl.vidible.tv/prod/ad-client/js/10.2.39/0.js, line 22: WebGL warning: <Create>: Can't use WebGL in headless mode (https://bugzil.la/1375585).
JavaScript warning: https://cdn-ssl.vidible.tv/prod/ad-client/js/10.2.39/0.js, line 22: Failed to create WebGL context: WebGL creation failed: 
* Can't use WebGL in headless mode (https://bugzil.la/1375585).
JavaScript warning: https://cdn-ssl.vidible.tv/prod/ad-client/js/10.2.39/0.js, line 22: WebGL warning: <Create>: Can't use WebGL in headless mode (https://bugzil.la/1375585).
JavaScript warning: https://cdn-ssl.vidible.tv/prod/ad-client/js/10.2.39/0.js, line 22: Failed to create WebGL context: WebGL creation failed: 
* Can't use WebGL in headless mode (https://bugzil.la/1375585).
JavaScript warning: https://cdn-ssl.vidible.tv/prod/ad-client/js/10.2.39/0.js, line 22: WebGL warning: <Create>: Can't use WebGL in headless mode (https://bugzil.la/1375585).
JavaScript warning: https://cdn-ssl.vidible.tv/prod/ad-client/js/10.2.39/0.js, line 22: Failed to create WebGL context: WebGL creation failed: 
* Can't use WebGL in headless mode (https://bugzil.la/1375585).
JavaScript warning: https://cdn-ssl.vidible.tv/prod/ad-client/js/10.2.39/0.js, line 22: WebGL warning: <Create>: Can't use WebGL in headless mode (https://bugzil.la/1375585).
JavaScript warning: https://cdn-ssl.vidible.tv/prod/ad-client/js/10.2.39/0.js, line 22: Failed to create WebGL context: WebGL creation failed: 
* Can't use WebGL in headless mode (https://bugzil.la/1375585).
JavaScript warning: https://cdn-ssl.vidible.tv/prod/ad-client/js/10.2.39/0.js, line 22: WebGL warning: <Create>: Can't use WebGL in headless mode (https://bugzil.la/1375585).
JavaScript warning: https://cdn-ssl.vidible.tv/prod/ad-client/js/10.2.39/0.js, line 22: Failed to create WebGL context: WebGL creation failed: 
* Can't use WebGL in headless mode (https://bugzil.la/1375585).
1587755638680	Marionette	INFO	Stopped listening on port 54649
JavaScript error: https://eus.rubiconproject.com/usync.html?p=33across&endpoint=us-east, line 12: SecurityError: The operation is insecure.
1587756421584	mozrunner::runner	INFO	Running command: "C:\\Program Files\\Mozilla Firefox\\firefox.exe" "-marionette" "--headless" "-foreground" "-no-remote" "-profile" "C:\\Users\\rhett\\AppData\\Local\\Temp\\rust_mozprofileDX13wq"
*** You are running in headless mode.
1587756421862	addons.webextension.doh-rollout@mozilla.org	WARN	Loading extension 'doh-rollout@mozilla.org': Reading manifest: Invalid extension permission: networkStatus
1587756422255	addons.webextension.screenshots@mozilla.org	WARN	Loading extension 'screenshots@mozilla.org': Reading manifest: Invalid extension permission: mozillaAddons
1587756422255	addons.webextension.screenshots@mozilla.org	WARN	Loading extension 'screenshots@mozilla.org': Reading manifest: Invalid extension permission: telemetry
1587756422255	addons.webextension.screenshots@mozilla.org	WARN	Loading extension 'screenshots@mozilla.org': Reading manifest: Invalid extension permission: resource://pdf.js/
1587756422255	addons.webextension.screenshots@mozilla.org	WARN	Loading extension 'screenshots@mozilla.org': Reading manifest: Invalid extension permission: about:reader*
JavaScript error: resource://gre/modules/XULStore.jsm, line 66: Error: Can't find profile directory.
1587756423435	Marionette	INFO	Listening on port 57545
1587756423595	Marionette	WARN	TLS certificate errors will be ignored for this session
JavaScript warning: https://cdn-ssl.vidible.tv/prod/ad-client/js/10.2.39/0.js, line 22: WebGL warning: <Create>: Can't use WebGL in headless mode (https://bugzil.la/1375585).
JavaScript warning: https://cdn-ssl.vidible.tv/prod/ad-client/js/10.2.39/0.js, line 22: Failed to create WebGL context: WebGL creation failed: 
* Can't use WebGL in headless mode (https://bugzil.la/1375585).
JavaScript warning: https://cdn-ssl.vidible.tv/prod/ad-client/js/10.2.39/0.js, line 22: WebGL warning: <Create>: Can't use WebGL in headless mode (https://bugzil.la/1375585).
JavaScript warning: https://cdn-ssl.vidible.tv/prod/ad-client/js/10.2.39/0.js, line 22: Failed to create WebGL context: WebGL creation failed: 
* Can't use WebGL in headless mode (https://bugzil.la/1375585).
JavaScript warning: https://cdn-ssl.vidible.tv/prod/ad-client/js/10.2.39/0.js, line 22: WebGL warning: <Create>: Can't use WebGL in headless mode (https://bugzil.la/1375585).
JavaScript warning: https://cdn-ssl.vidible.tv/prod/ad-client/js/10.2.39/0.js, line 22: Failed to create WebGL context: WebGL creation failed: 
* Can't use WebGL in headless mode (https://bugzil.la/1375585).
JavaScript warning: https://cdn-ssl.vidible.tv/prod/ad-client/js/10.2.39/0.js, line 22: WebGL warning: <Create>: Can't use WebGL in headless mode (https://bugzil.la/1375585).
JavaScript warning: https://cdn-ssl.vidible.tv/prod/ad-client/js/10.2.39/0.js, line 22: Failed to create WebGL context: WebGL creation failed: 
* Can't use WebGL in headless mode (https://bugzil.la/1375585).
JavaScript warning: https://cdn-ssl.vidible.tv/prod/ad-client/js/10.2.39/0.js, line 22: WebGL warning: <Create>: Can't use WebGL in headless mode (https://bugzil.la/1375585).
JavaScript warning: https://cdn-ssl.vidible.tv/prod/ad-client/js/10.2.39/0.js, line 22: Failed to create WebGL context: WebGL creation failed: 
* Can't use WebGL in headless mode (https://bugzil.la/1375585).
JavaScript warning: https://cdn-ssl.vidible.tv/prod/ad-client/js/10.2.39/0.js, line 22: WebGL warning: <Create>: Can't use WebGL in headless mode (https://bugzil.la/1375585).
JavaScript warning: https://cdn-ssl.vidible.tv/prod/ad-client/js/10.2.39/0.js, line 22: Failed to create WebGL context: WebGL creation failed: 
* Can't use WebGL in headless mode (https://bugzil.la/1375585).
JavaScript warning: https://cdn-ssl.vidible.tv/prod/ad-client/js/10.2.39/0.js, line 22: WebGL warning: <Create>: Can't use WebGL in headless mode (https://bugzil.la/1375585).
JavaScript warning: https://cdn-ssl.vidible.tv/prod/ad-client/js/10.2.39/0.js, line 22: Failed to create WebGL context: WebGL creation failed: 
* Can't use WebGL in headless mode (https://bugzil.la/1375585).
JavaScript warning: https://cdn-ssl.vidible.tv/prod/ad-client/js/10.2.39/0.js, line 22: WebGL warning: <Create>: Can't use WebGL in headless mode (https://bugzil.la/1375585).
JavaScript warning: https://cdn-ssl.vidible.tv/prod/ad-client/js/10.2.39/0.js, line 22: Failed to create WebGL context: WebGL creation failed: 
* Can't use WebGL in headless mode (https://bugzil.la/1375585).
JavaScript warning: https://cdn-ssl.vidible.tv/prod/ad-client/js/10.2.39/0.js, line 22: WebGL warning: <Create>: Can't use WebGL in headless mode (https://bugzil.la/1375585).
JavaScript warning: https://cdn-ssl.vidible.tv/prod/ad-client/js/10.2.39/0.js, line 22: Failed to create WebGL context: WebGL creation failed: 
* Can't use WebGL in headless mode (https://bugzil.la/1375585).
JavaScript warning: https://cdn-ssl.vidible.tv/prod/ad-client/js/10.2.39/0.js, line 22: WebGL warning: <Create>: Can't use WebGL in headless mode (https://bugzil.la/1375585).
JavaScript warning: https://cdn-ssl.vidible.tv/prod/ad-client/js/10.2.39/0.js, line 22: Failed to create WebGL context: WebGL creation failed: 
* Can't use WebGL in headless mode (https://bugzil.la/1375585).
JavaScript error: , line 0: AbortError: The fetching process for the media resource was aborted by the user agent at the user's request.
1587756458102	mozrunner::runner	INFO	Running command: "C:\\Program Files\\Mozilla Firefox\\firefox.exe" "-marionette" "--headless" "-foreground" "-no-remote" "-profile" "C:\\Users\\rhett\\AppData\\Local\\Temp\\rust_mozprofile2Dmc63"
*** You are running in headless mode.
1587756458354	addons.webextension.doh-rollout@mozilla.org	WARN	Loading extension 'doh-rollout@mozilla.org': Reading manifest: Invalid extension permission: networkStatus
1587756458724	addons.webextension.screenshots@mozilla.org	WARN	Loading extension 'screenshots@mozilla.org': Reading manifest: Invalid extension permission: mozillaAddons
1587756458724	addons.webextension.screenshots@mozilla.org	WARN	Loading extension 'screenshots@mozilla.org': Reading manifest: Invalid extension permission: telemetry
1587756458724	addons.webextension.screenshots@mozilla.org	WARN	Loading extension 'screenshots@mozilla.org': Reading manifest: Invalid extension permission: resource://pdf.js/
1587756458724	addons.webextension.screenshots@mozilla.org	WARN	Loading extension 'screenshots@mozilla.org': Reading manifest: Invalid extension permission: about:reader*
JavaScript error: resource://gre/modules/XULStore.jsm, line 66: Error: Can't find profile directory.
1587756459838	Marionette	INFO	Listening on port 57851
1587756460110	Marionette	WARN	TLS certificate errors will be ignored for this session
JavaScript warning: https://cdn-ssl.vidible.tv/prod/ad-client/js/10.2.39/0.js, line 22: WebGL warning: <Create>: Can't use WebGL in headless mode (https://bugzil.la/1375585).
JavaScript warning: https://cdn-ssl.vidible.tv/prod/ad-client/js/10.2.39/0.js, line 22: Failed to create WebGL context: WebGL creation failed: 
* Can't use WebGL in headless mode (https://bugzil.la/1375585).
JavaScript warning: https://cdn-ssl.vidible.tv/prod/ad-client/js/10.2.39/0.js, line 22: WebGL warning: <Create>: Can't use WebGL in headless mode (https://bugzil.la/1375585).
JavaScript warning: https://cdn-ssl.vidible.tv/prod/ad-client/js/10.2.39/0.js, line 22: Failed to create WebGL context: WebGL creation failed: 
* Can't use WebGL in headless mode (https://bugzil.la/1375585).
JavaScript warning: https://cdn-ssl.vidible.tv/prod/ad-client/js/10.2.39/0.js, line 22: WebGL warning: <Create>: Can't use WebGL in headless mode (https://bugzil.la/1375585).
JavaScript warning: https://cdn-ssl.vidible.tv/prod/ad-client/js/10.2.39/0.js, line 22: Failed to create WebGL context: WebGL creation failed: 
* Can't use WebGL in headless mode (https://bugzil.la/1375585).
JavaScript warning: https://cdn-ssl.vidible.tv/prod/ad-client/js/10.2.39/0.js, line 22: WebGL warning: <Create>: Can't use WebGL in headless mode (https://bugzil.la/1375585).
JavaScript warning: https://cdn-ssl.vidible.tv/prod/ad-client/js/10.2.39/0.js, line 22: Failed to create WebGL context: WebGL creation failed: 
* Can't use WebGL in headless mode (https://bugzil.la/1375585).
JavaScript warning: https://cdn-ssl.vidible.tv/prod/ad-client/js/10.2.39/0.js, line 22: WebGL warning: <Create>: Can't use WebGL in headless mode (https://bugzil.la/1375585).
JavaScript warning: https://cdn-ssl.vidible.tv/prod/ad-client/js/10.2.39/0.js, line 22: Failed to create WebGL context: WebGL creation failed: 
* Can't use WebGL in headless mode (https://bugzil.la/1375585).
JavaScript warning: https://cdn-ssl.vidible.tv/prod/ad-client/js/10.2.39/0.js, line 22: WebGL warning: <Create>: Can't use WebGL in headless mode (https://bugzil.la/1375585).
JavaScript warning: https://cdn-ssl.vidible.tv/prod/ad-client/js/10.2.39/0.js, line 22: Failed to create WebGL context: WebGL creation failed: 
* Can't use WebGL in headless mode (https://bugzil.la/1375585).
JavaScript warning: https://cdn-ssl.vidible.tv/prod/ad-client/js/10.2.39/0.js, line 22: WebGL warning: <Create>: Can't use WebGL in headless mode (https://bugzil.la/1375585).
JavaScript warning: https://cdn-ssl.vidible.tv/prod/ad-client/js/10.2.39/0.js, line 22: Failed to create WebGL context: WebGL creation failed: 
* Can't use WebGL in headless mode (https://bugzil.la/1375585).
JavaScript warning: https://cdn-ssl.vidible.tv/prod/ad-client/js/10.2.39/0.js, line 22: WebGL warning: <Create>: Can't use WebGL in headless mode (https://bugzil.la/1375585).
JavaScript warning: https://cdn-ssl.vidible.tv/prod/ad-client/js/10.2.39/0.js, line 22: Failed to create WebGL context: WebGL creation failed: 
* Can't use WebGL in headless mode (https://bugzil.la/1375585).
JavaScript warning: https://cdn-ssl.vidible.tv/prod/ad-client/js/10.2.39/0.js, line 22: WebGL warning: <Create>: Can't use WebGL in headless mode (https://bugzil.la/1375585).
JavaScript warning: https://cdn-ssl.vidible.tv/prod/ad-client/js/10.2.39/0.js, line 22: Failed to create WebGL context: WebGL creation failed: 
* Can't use WebGL in headless mode (https://bugzil.la/1375585).
JavaScript warning: https://cdn-ssl.vidible.tv/prod/ad-client/js/10.2.39/0.js, line 22: WebGL warning: <Create>: Can't use WebGL in headless mode (https://bugzil.la/1375585).
JavaScript warning: https://cdn-ssl.vidible.tv/prod/ad-client/js/10.2.39/0.js, line 22: Failed to create WebGL context: WebGL creation failed: 
* Can't use WebGL in headless mode (https://bugzil.la/1375585).
1587756478878	Marionette	INFO	Stopped listening on port 57851
JavaScript error: https://eus.rubiconproject.com/usync.html?p=33across&endpoint=us-east, line 12: SecurityError: The operation is insecure.
1587757303531	mozrunner::runner	INFO	Running command: "C:\\Program Files\\Mozilla Firefox\\firefox.exe" "-marionette" "--headless" "-foreground" "-no-remote" "-profile" "C:\\Users\\rhett\\AppData\\Local\\Temp\\rust_mozprofilel6pqGx"
*** You are running in headless mode.
1587757303820	addons.webextension.doh-rollout@mozilla.org	WARN	Loading extension 'doh-rollout@mozilla.org': Reading manifest: Invalid extension permission: networkStatus
1587757304237	addons.webextension.screenshots@mozilla.org	WARN	Loading extension 'screenshots@mozilla.org': Reading manifest: Invalid extension permission: mozillaAddons
1587757304237	addons.webextension.screenshots@mozilla.org	WARN	Loading extension 'screenshots@mozilla.org': Reading manifest: Invalid extension permission: telemetry
1587757304237	addons.webextension.screenshots@mozilla.org	WARN	Loading extension 'screenshots@mozilla.org': Reading manifest: Invalid extension permission: resource://pdf.js/
1587757304237	addons.webextension.screenshots@mozilla.org	WARN	Loading extension 'screenshots@mozilla.org': Reading manifest: Invalid extension permission: about:reader*
JavaScript error: resource://gre/modules/XULStore.jsm, line 66: Error: Can't find profile directory.
1587757305518	Marionette	INFO	Listening on port 61885
1587757305541	Marionette	WARN	TLS certificate errors will be ignored for this session
JavaScript warning: https://cdn-ssl.vidible.tv/prod/ad-client/js/10.2.39/0.js, line 22: WebGL warning: <Create>: Can't use WebGL in headless mode (https://bugzil.la/1375585).
JavaScript warning: https://cdn-ssl.vidible.tv/prod/ad-client/js/10.2.39/0.js, line 22: Failed to create WebGL context: WebGL creation failed: 
* Can't use WebGL in headless mode (https://bugzil.la/1375585).
JavaScript warning: https://cdn-ssl.vidible.tv/prod/ad-client/js/10.2.39/0.js, line 22: WebGL warning: <Create>: Can't use WebGL in headless mode (https://bugzil.la/1375585).
JavaScript warning: https://cdn-ssl.vidible.tv/prod/ad-client/js/10.2.39/0.js, line 22: Failed to create WebGL context: WebGL creation failed: 
* Can't use WebGL in headless mode (https://bugzil.la/1375585).
JavaScript warning: https://cdn-ssl.vidible.tv/prod/ad-client/js/10.2.39/0.js, line 22: WebGL warning: <Create>: Can't use WebGL in headless mode (https://bugzil.la/1375585).
JavaScript warning: https://cdn-ssl.vidible.tv/prod/ad-client/js/10.2.39/0.js, line 22: Failed to create WebGL context: WebGL creation failed: 
* Can't use WebGL in headless mode (https://bugzil.la/1375585).
JavaScript warning: https://cdn-ssl.vidible.tv/prod/ad-client/js/10.2.39/0.js, line 22: WebGL warning: <Create>: Can't use WebGL in headless mode (https://bugzil.la/1375585).
JavaScript warning: https://cdn-ssl.vidible.tv/prod/ad-client/js/10.2.39/0.js, line 22: Failed to create WebGL context: WebGL creation failed: 
* Can't use WebGL in headless mode (https://bugzil.la/1375585).
JavaScript warning: https://cdn-ssl.vidible.tv/prod/ad-client/js/10.2.39/0.js, line 22: WebGL warning: <Create>: Can't use WebGL in headless mode (https://bugzil.la/1375585).
JavaScript warning: https://cdn-ssl.vidible.tv/prod/ad-client/js/10.2.39/0.js, line 22: Failed to create WebGL context: WebGL creation failed: 
* Can't use WebGL in headless mode (https://bugzil.la/1375585).
JavaScript warning: https://cdn-ssl.vidible.tv/prod/ad-client/js/10.2.39/0.js, line 22: WebGL warning: <Create>: Can't use WebGL in headless mode (https://bugzil.la/1375585).
JavaScript warning: https://cdn-ssl.vidible.tv/prod/ad-client/js/10.2.39/0.js, line 22: Failed to create WebGL context: WebGL creation failed: 
* Can't use WebGL in headless mode (https://bugzil.la/1375585).
JavaScript warning: https://cdn-ssl.vidible.tv/prod/ad-client/js/10.2.39/0.js, line 22: WebGL warning: <Create>: Can't use WebGL in headless mode (https://bugzil.la/1375585).
JavaScript warning: https://cdn-ssl.vidible.tv/prod/ad-client/js/10.2.39/0.js, line 22: Failed to create WebGL context: WebGL creation failed: 
* Can't use WebGL in headless mode (https://bugzil.la/1375585).
JavaScript warning: https://cdn-ssl.vidible.tv/prod/ad-client/js/10.2.39/0.js, line 22: WebGL warning: <Create>: Can't use WebGL in headless mode (https://bugzil.la/1375585).
JavaScript warning: https://cdn-ssl.vidible.tv/prod/ad-client/js/10.2.39/0.js, line 22: Failed to create WebGL context: WebGL creation failed: 
* Can't use WebGL in headless mode (https://bugzil.la/1375585).
JavaScript warning: https://cdn-ssl.vidible.tv/prod/ad-client/js/10.2.39/0.js, line 22: WebGL warning: <Create>: Can't use WebGL in headless mode (https://bugzil.la/1375585).
JavaScript warning: https://cdn-ssl.vidible.tv/prod/ad-client/js/10.2.39/0.js, line 22: Failed to create WebGL context: WebGL creation failed: 
* Can't use WebGL in headless mode (https://bugzil.la/1375585).
JavaScript warning: https://cdn-ssl.vidible.tv/prod/ad-client/js/10.2.39/0.js, line 22: WebGL warning: <Create>: Can't use WebGL in headless mode (https://bugzil.la/1375585).
JavaScript warning: https://cdn-ssl.vidible.tv/prod/ad-client/js/10.2.39/0.js, line 22: Failed to create WebGL context: WebGL creation failed: 
* Can't use WebGL in headless mode (https://bugzil.la/1375585).
1587757317286	Marionette	INFO	Stopped listening on port 61885
JavaScript error: https://eus.rubiconproject.com/usync.html?p=33across&endpoint=us-east, line 12: SecurityError: The operation is insecure.
1587757342325	mozrunner::runner	INFO	Running command: "C:\\Program Files\\Mozilla Firefox\\firefox.exe" "-marionette" "--headless" "-foreground" "-no-remote" "-profile" "C:\\Users\\rhett\\AppData\\Local\\Temp\\rust_mozprofileOMT82s"
*** You are running in headless mode.
1587757342585	addons.webextension.doh-rollout@mozilla.org	WARN	Loading extension 'doh-rollout@mozilla.org': Reading manifest: Invalid extension permission: networkStatus
1587757343019	addons.webextension.screenshots@mozilla.org	WARN	Loading extension 'screenshots@mozilla.org': Reading manifest: Invalid extension permission: mozillaAddons
1587757343019	addons.webextension.screenshots@mozilla.org	WARN	Loading extension 'screenshots@mozilla.org': Reading manifest: Invalid extension permission: telemetry
1587757343019	addons.webextension.screenshots@mozilla.org	WARN	Loading extension 'screenshots@mozilla.org': Reading manifest: Invalid extension permission: resource://pdf.js/
1587757343020	addons.webextension.screenshots@mozilla.org	WARN	Loading extension 'screenshots@mozilla.org': Reading manifest: Invalid extension permission: about:reader*
JavaScript error: resource://gre/modules/XULStore.jsm, line 66: Error: Can't find profile directory.
1587757344334	Marionette	INFO	Listening on port 62236
1587757344439	Marionette	WARN	TLS certificate errors will be ignored for this session
JavaScript warning: https://cdn-ssl.vidible.tv/prod/ad-client/js/10.2.39/0.js, line 22: WebGL warning: <Create>: Can't use WebGL in headless mode (https://bugzil.la/1375585).
JavaScript warning: https://cdn-ssl.vidible.tv/prod/ad-client/js/10.2.39/0.js, line 22: Failed to create WebGL context: WebGL creation failed: 
* Can't use WebGL in headless mode (https://bugzil.la/1375585).
JavaScript warning: https://cdn-ssl.vidible.tv/prod/ad-client/js/10.2.39/0.js, line 22: WebGL warning: <Create>: Can't use WebGL in headless mode (https://bugzil.la/1375585).
JavaScript warning: https://cdn-ssl.vidible.tv/prod/ad-client/js/10.2.39/0.js, line 22: Failed to create WebGL context: WebGL creation failed: 
* Can't use WebGL in headless mode (https://bugzil.la/1375585).
JavaScript warning: https://cdn-ssl.vidible.tv/prod/ad-client/js/10.2.39/0.js, line 22: WebGL warning: <Create>: Can't use WebGL in headless mode (https://bugzil.la/1375585).
JavaScript warning: https://cdn-ssl.vidible.tv/prod/ad-client/js/10.2.39/0.js, line 22: Failed to create WebGL context: WebGL creation failed: 
* Can't use WebGL in headless mode (https://bugzil.la/1375585).
JavaScript warning: https://cdn-ssl.vidible.tv/prod/ad-client/js/10.2.39/0.js, line 22: WebGL warning: <Create>: Can't use WebGL in headless mode (https://bugzil.la/1375585).
JavaScript warning: https://cdn-ssl.vidible.tv/prod/ad-client/js/10.2.39/0.js, line 22: Failed to create WebGL context: WebGL creation failed: 
* Can't use WebGL in headless mode (https://bugzil.la/1375585).
JavaScript warning: https://cdn-ssl.vidible.tv/prod/ad-client/js/10.2.39/0.js, line 22: WebGL warning: <Create>: Can't use WebGL in headless mode (https://bugzil.la/1375585).
JavaScript warning: https://cdn-ssl.vidible.tv/prod/ad-client/js/10.2.39/0.js, line 22: Failed to create WebGL context: WebGL creation failed: 
* Can't use WebGL in headless mode (https://bugzil.la/1375585).
JavaScript warning: https://cdn-ssl.vidible.tv/prod/ad-client/js/10.2.39/0.js, line 22: WebGL warning: <Create>: Can't use WebGL in headless mode (https://bugzil.la/1375585).
JavaScript warning: https://cdn-ssl.vidible.tv/prod/ad-client/js/10.2.39/0.js, line 22: Failed to create WebGL context: WebGL creation failed: 
* Can't use WebGL in headless mode (https://bugzil.la/1375585).
JavaScript warning: https://cdn-ssl.vidible.tv/prod/ad-client/js/10.2.39/0.js, line 22: WebGL warning: <Create>: Can't use WebGL in headless mode (https://bugzil.la/1375585).
JavaScript warning: https://cdn-ssl.vidible.tv/prod/ad-client/js/10.2.39/0.js, line 22: Failed to create WebGL context: WebGL creation failed: 
* Can't use WebGL in headless mode (https://bugzil.la/1375585).
JavaScript warning: https://cdn-ssl.vidible.tv/prod/ad-client/js/10.2.39/0.js, line 22: WebGL warning: <Create>: Can't use WebGL in headless mode (https://bugzil.la/1375585).
JavaScript warning: https://cdn-ssl.vidible.tv/prod/ad-client/js/10.2.39/0.js, line 22: Failed to create WebGL context: WebGL creation failed: 
* Can't use WebGL in headless mode (https://bugzil.la/1375585).
JavaScript error: , line 0: AbortError: The fetching process for the media resource was aborted by the user agent at the user's request.
JavaScript warning: https://cdn-ssl.vidible.tv/prod/ad-client/js/10.2.39/0.js, line 22: WebGL warning: <Create>: Can't use WebGL in headless mode (https://bugzil.la/1375585).
JavaScript warning: https://cdn-ssl.vidible.tv/prod/ad-client/js/10.2.39/0.js, line 22: Failed to create WebGL context: WebGL creation failed: 
* Can't use WebGL in headless mode (https://bugzil.la/1375585).
JavaScript warning: https://cdn-ssl.vidible.tv/prod/ad-client/js/10.2.39/0.js, line 22: WebGL warning: <Create>: Can't use WebGL in headless mode (https://bugzil.la/1375585).
JavaScript warning: https://cdn-ssl.vidible.tv/prod/ad-client/js/10.2.39/0.js, line 22: Failed to create WebGL context: WebGL creation failed: 
* Can't use WebGL in headless mode (https://bugzil.la/1375585).
JavaScript error: , line 0: AbortError: The fetching process for the media resource was aborted by the user agent at the user's request.
JavaScript error: , line 0: AbortError: The fetching process for the media resource was aborted by the user agent at the user's request.
1587757372829	Marionette	INFO	Stopped listening on port 62236
